.FF........
======================================================================
FAIL: test_ignore_directory_no_perm_arg (__main__.TestCountLarge)
----------------------------------------------------------------------
Traceback (most recent call last):
  File "/home/furkan/csc209-w19/grading/mark_a1/marking_scripts/test_helpers.py", line 190, in _t
    self.assertEqual(stdout, expected_stdout)
AssertionError: '1' != '0'
- 1
+ 0


======================================================================
FAIL: test_ignore_directory_with_perm_arg (__main__.TestCountLarge)
----------------------------------------------------------------------
Traceback (most recent call last):
  File "/home/furkan/csc209-w19/grading/mark_a1/marking_scripts/test_helpers.py", line 190, in _t
    self.assertEqual(stdout, expected_stdout)
AssertionError: '1' != '0'
- 1
+ 0


----------------------------------------------------------------------
Ran 11 tests in 0.050s

FAILED (failures=2)
